<?xml version="1.0" encoding="UTF-8"?>
<testng-results ignored="0" total="1" passed="1" failed="0" skipped="0">
  <reporter-output>
  </reporter-output>
  <suite started-at="2023-07-12T11:01:06 IST" name="Default suite" finished-at="2023-07-12T11:01:06 IST" duration-ms="47">
    <groups>
    </groups>
    <test started-at="2023-07-12T11:01:06 IST" name="Default test" finished-at="2023-07-12T11:01:06 IST" duration-ms="47">
      <class name="demoJenkins.TestEx">
        <test-method signature="m1()[pri:0, instance:demoJenkins.TestEx@636be97c]" started-at="2023-07-12T11:01:06 IST" name="m1" finished-at="2023-07-12T11:01:06 IST" duration-ms="9" status="PASS">
          <reporter-output>
          </reporter-output>
        </test-method> <!-- m1 -->
      </class> <!-- demoJenkins.TestEx -->
    </test> <!-- Default test -->
  </suite> <!-- Default suite -->
</testng-results>
